mobile_app/fireside/build/app/intermediates/manifest_merge_blame_file/debug/manifest-merger-blame-debug-report.txt
1<?xml version="1.0" encoding="utf-8"?>
2<manifest xmlns:android="http://schemas.android.com/apk/res/android"
3    package="com.example.fireside"
4    android:versionCode="1"
5    android:versionName="1.0.0" >
6
7    <uses-sdk
8        android:minSdkVersion="21"
9        android:targetSdkVersion="33" />
10    <!--
11         The INTERNET permission is required for development. Specifically,
12         the Flutter tool needs it to communicate with the running application
13         to allow setting breakpoints, to provide hot reload, etc.
14    -->
15    <uses-permission android:name="android.permission.INTERNET" />
15-->src\debug\AndroidManifest.xml:6:5-66
15-->src\debug\AndroidManifest.xml:6:22-64
16    <!--
17     Tell Google Play Store that your app uses Bluetooth LE
18        Set android:required="true" if bluetooth is necessary
19    -->
20    <uses-feature
20-->src\main\AndroidManifest.xml:35:5-91
21        android:name="android.hardware.bluetooth_le"
21-->src\main\AndroidManifest.xml:35:19-63
22        android:required="false" />
22-->src\main\AndroidManifest.xml:35:64-88
23    <!--
24 New Bluetooth permissions in Android 12
25    https://developer.android.com/about/versions/12/features/bluetooth-permissions
26    -->
27    <uses-permission
27-->src\main\AndroidManifest.xml:39:5-120
28        android:name="android.permission.BLUETOOTH_SCAN"
28-->src\main\AndroidManifest.xml:39:22-70
29        android:usesPermissionFlags="neverForLocation" />
29-->src\main\AndroidManifest.xml:39:71-117
30    <uses-permission android:name="android.permission.BLUETOOTH_CONNECT" /> <!-- legacy for Android 11 or lower -->
30-->src\main\AndroidManifest.xml:40:5-76
30-->src\main\AndroidManifest.xml:40:22-73
31    <uses-permission
31-->src\main\AndroidManifest.xml:43:5-95
32        android:name="android.permission.BLUETOOTH"
32-->src\main\AndroidManifest.xml:43:22-65
33        android:maxSdkVersion="30" />
33-->src\main\AndroidManifest.xml:43:66-92
34    <uses-permission
34-->src\main\AndroidManifest.xml:44:5-101
35        android:name="android.permission.BLUETOOTH_ADMIN"
35-->src\main\AndroidManifest.xml:44:22-71
36        android:maxSdkVersion="30" />
36-->src\main\AndroidManifest.xml:44:72-98
37    <uses-permission
37-->src\main\AndroidManifest.xml:45:5-105
38        android:name="android.permission.ACCESS_FINE_LOCATION"
38-->src\main\AndroidManifest.xml:45:22-76
39        android:maxSdkVersion="30" /> <!-- legacy for Android 9 or lower -->
39-->src\main\AndroidManifest.xml:45:77-103
40    <uses-permission
40-->src\main\AndroidManifest.xml:48:5-108
41        android:name="android.permission.ACCESS_COARSE_LOCATION"
41-->src\main\AndroidManifest.xml:48:22-78
42        android:maxSdkVersion="28" />
42-->src\main\AndroidManifest.xml:48:79-105
43
44    <application
45        android:name="android.app.Application"
46        android:appComponentFactory="androidx.core.app.CoreComponentFactory"
46-->[androidx.core:core:1.6.0] AndroidManifest.xml:24:18-86
47        android:debuggable="true"
48        android:icon="@mipmap/ic_launcher"
49        android:label="fireside" >
50        <activity
51            android:name="com.example.fireside.MainActivity"
52            android:configChanges="orientation|keyboardHidden|keyboard|screenSize|smallestScreenSize|locale|layoutDirection|fontScale|screenLayout|density|uiMode"
53            android:exported="true"
54            android:hardwareAccelerated="true"
55            android:launchMode="singleTop"
56            android:theme="@style/LaunchTheme"
57            android:windowSoftInputMode="adjustResize" >
58
59            <!--
60                 Specifies an Android theme to apply to this Activity as soon as
61                 the Android process has started. This theme is visible to the user
62                 while the Flutter UI initializes. After that, this theme continues
63                 to determine the Window background behind the Flutter UI.
64            -->
65            <meta-data
66                android:name="io.flutter.embedding.android.NormalTheme"
67                android:resource="@style/NormalTheme" />
68
69            <intent-filter>
70                <action android:name="android.intent.action.MAIN" />
71
72                <category android:name="android.intent.category.LAUNCHER" />
73            </intent-filter>
74        </activity>
75        <!--
76             Don't delete the meta-data below.
77             This is used by the Flutter tool to generate GeneratedPluginRegistrant.java
78        -->
79        <meta-data
80            android:name="flutterEmbedding"
81            android:value="2" />
82
83        <uses-library
83-->[androidx.window:window:1.0.0-beta04] AndroidManifest.xml:25:9-27:40
84            android:name="androidx.window.extensions"
84-->[androidx.window:window:1.0.0-beta04] AndroidManifest.xml:26:13-54
85            android:required="false" />
85-->[androidx.window:window:1.0.0-beta04] AndroidManifest.xml:27:13-37
86        <uses-library
86-->[androidx.window:window:1.0.0-beta04] AndroidManifest.xml:28:9-30:40
87            android:name="androidx.window.sidecar"
87-->[androidx.window:window:1.0.0-beta04] AndroidManifest.xml:29:13-51
88            android:required="false" />
88-->[androidx.window:window:1.0.0-beta04] AndroidManifest.xml:30:13-37
89    </application>
90
91</manifest>